<?xml version="1.0" encoding="UTF-8"?>
<testsuite name="com.revature.service.AccountServiceTest" tests="1" skipped="0" failures="0" errors="0" timestamp="2022-03-16T04:21:42" hostname="LAPTOP-HO6FK4NQ" time="0.572">
  <properties/>
  <testcase name="getAllAccountByClientIdWithLessThanGreaterThan()" classname="com.revature.service.AccountServiceTest" time="0.572"/>
  <system-out><![CDATA[]]></system-out>
  <system-err><![CDATA[]]></system-err>
</testsuite>
