<?xml version="1.0" encoding="UTF-8"?>
<testsuite name="com.revature.utility.ConnectionUtilityTest" tests="1" skipped="0" failures="0" errors="0" timestamp="2022-03-08T21:09:40" hostname="LAPTOP-HO6FK4NQ" time="0.364">
  <properties/>
  <testcase name="test_getConnection()" classname="com.revature.utility.ConnectionUtilityTest" time="0.364"/>
  <system-out><![CDATA[]]></system-out>
  <system-err><![CDATA[]]></system-err>
</testsuite>
