<?xml version="1.0" encoding="UTF-8"?>
<testsuite name="com.revature.service.ClientServiceTest" tests="1" skipped="0" failures="0" errors="0" timestamp="2022-03-09T04:09:09" hostname="LAPTOP-HO6FK4NQ" time="0.494">
  <properties/>
  <testcase name="testGetAllClients()" classname="com.revature.service.ClientServiceTest" time="0.494"/>
  <system-out><![CDATA[]]></system-out>
  <system-err><![CDATA[]]></system-err>
</testsuite>
